<?xml version="1.0" encoding="UTF-8"?>
<testng-results ignored="0" total="2" passed="2" failed="0" skipped="0">
  <reporter-output>
  </reporter-output>
  <suite started-at="2023-04-10T09:03:47 IST" name="Default suite" finished-at="2023-04-10T09:03:47 IST" duration-ms="64">
    <groups>
    </groups>
    <test started-at="2023-04-10T09:03:47 IST" name="Default test" finished-at="2023-04-10T09:03:47 IST" duration-ms="64">
      <class name="com.test.alphagrep.ruleEnginUnitTest">
        <test-method signature="testCase1()[pri:0, instance:com.test.alphagrep.ruleEnginUnitTest@2aa3cd93]" started-at="2023-04-10T09:03:47 IST" name="testCase1" finished-at="2023-04-10T09:03:47 IST" duration-ms="20" status="PASS">
          <reporter-output>
          </reporter-output>
        </test-method> <!-- testCase1 -->
        <test-method signature="testCase2()[pri:0, instance:com.test.alphagrep.ruleEnginUnitTest@2aa3cd93]" started-at="2023-04-10T09:03:47 IST" name="testCase2" finished-at="2023-04-10T09:03:47 IST" duration-ms="1" status="PASS">
          <reporter-output>
          </reporter-output>
        </test-method> <!-- testCase2 -->
      </class> <!-- com.test.alphagrep.ruleEnginUnitTest -->
    </test> <!-- Default test -->
  </suite> <!-- Default suite -->
</testng-results>
